<?xml version="1.0" encoding="UTF-8" ?>
<testsuites>
  <testsuite errors="10" failures="1" hostname="WJANBEPB714BL" id="0" name="JtracTest" package="info.jtrac" skipped="0" tests="18" time="3.813" timestamp="2016-11-24T13:39:30">
      <properties>
[...]
</properties>

      <testcase classname="info.jtrac.JtracTest" name="testDefaultAdminUserHasAdminRole" time="3.119">
          <error message="User not found for &apos;admin&apos;" type="org.acegisecurity.userdetails.UsernameNotFoundException">org.acegisecurity.userdetails.UsernameNotFoundException: User not found for &apos;admin&apos;
	at info.jtrac.JtracImpl.loadUserByUsername(JtracImpl.java:428)
	at org.springframework.aop.support.AopUtils.invokeJoinpointUsingReflection(AopUtils.java:301)
	at org.springframework.aop.framework.ReflectiveMethodInvocation.invokeJoinpoint(ReflectiveMethodInvocation.java:182)
	at org.springframework.aop.framework.ReflectiveMethodInvocation.proceed(ReflectiveMethodInvocation.java:149)
	at org.springframework.transaction.interceptor.TransactionInterceptor.invoke(TransactionInterceptor.java:106)
	at org.springframework.aop.framework.ReflectiveMethodInvocation.proceed(ReflectiveMethodInvocation.java:171)
	at org.springframework.aop.framework.JdkDynamicAopProxy.invoke(JdkDynamicAopProxy.java:204)
	at com.sun.proxy.$Proxy1.loadUserByUsername(Unknown Source)
	at info.jtrac.JtracTest.testDefaultAdminUserHasAdminRole(JtracTest.java:156)
	at org.springframework.test.ConditionalTestCase.runBare(ConditionalTestCase.java:76)
</error>

      </testcase>

      <testcase classname="info.jtrac.JtracTest" name="testEncodeClearTextPassword" time="0.007" />

      <testcase classname="info.jtrac.JtracTest" name="testMetadataInsertAndLoad" time="0.193" />

      <testcase classname="info.jtrac.JtracTest" name="testRemoveSpaceRoleDoesNotOrphanDatabaseRecord" time="0.132" />

      <testcase classname="info.jtrac.JtracTest" name="testLogicToFindNotUsersAndSpacesNotAllocated" time="0.027">
          <error message="could not insert: [info.jtrac.domain.User]; nested exception is org.hibernate.exception.ConstraintViolationException: could not insert: [info.jtrac.domain.User]" type="org.springframework.dao.DataIntegrityViolationException">org.springframework.dao.DataIntegrityViolationException: could not insert: [info.jtrac.domain.User]; nested exception is org.hibernate.exception.ConstraintViolationException: could not insert: [info.jtrac.domain.User]
	at org.springframework.orm.hibernate3.SessionFactoryUtils.convertHibernateAccessException(SessionFactoryUtils.java:622)
	at org.springframework.orm.hibernate3.HibernateAccessor.convertHibernateAccessException(HibernateAccessor.java:412)
	at org.springframework.orm.hibernate3.HibernateTemplate.execute(HibernateTemplate.java:378)
	at org.springframework.orm.hibernate3.HibernateTemplate.merge(HibernateTemplate.java:769)
	at info.jtrac.hibernate.HibernateJtracDao.storeUser(HibernateJtracDao.java:247)
	at info.jtrac.JtracImpl.storeUser(JtracImpl.java:468)
	at org.springframework.aop.support.AopUtils.invokeJoinpointUsingReflection(AopUtils.java:301)
	at org.springframework.aop.framework.ReflectiveMethodInvocation.invokeJoinpoint(ReflectiveMethodInvocation.java:182)
	at org.springframework.aop.framework.ReflectiveMethodInvocation.proceed(ReflectiveMethodInvocation.java:149)
	at org.springframework.transaction.interceptor.TransactionInterceptor.invoke(TransactionInterceptor.java:106)
	at org.springframework.aop.framework.ReflectiveMethodInvocation.proceed(ReflectiveMethodInvocation.java:171)
	at org.springframework.aop.framework.JdkDynamicAopProxy.invoke(JdkDynamicAopProxy.java:204)
	at com.sun.proxy.$Proxy1.storeUser(Unknown Source)
	at info.jtrac.JtracTest.testLogicToFindNotUsersAndSpacesNotAllocated(JtracTest.java:353)
	at org.springframework.test.ConditionalTestCase.runBare(ConditionalTestCase.java:76)
Caused by: org.hibernate.exception.ConstraintViolationException: could not insert: [info.jtrac.domain.User]
	at org.hibernate.exception.SQLStateConverter.convert(SQLStateConverter.java:71)
	at org.hibernate.exception.JDBCExceptionHelper.convert(JDBCExceptionHelper.java:43)
	at org.hibernate.id.insert.AbstractSelectingDelegate.performInsert(AbstractSelectingDelegate.java:40)
	at org.hibernate.persister.entity.AbstractEntityPersister.insert(AbstractEntityPersister.java:2158)
	at org.hibernate.persister.entity.AbstractEntityPersister.insert(AbstractEntityPersister.java:2638)
	at org.hibernate.action.EntityIdentityInsertAction.execute(EntityIdentityInsertAction.java:48)
	at org.hibernate.engine.ActionQueue.execute(ActionQueue.java:250)
	at org.hibernate.event.def.AbstractSaveEventListener.performSaveOrReplicate(AbstractSaveEventListener.java:298)
	at org.hibernate.event.def.AbstractSaveEventListener.performSave(AbstractSaveEventListener.java:181)
	at org.hibernate.event.def.AbstractSaveEventListener.saveWithGeneratedId(AbstractSaveEventListener.java:107)
	at org.hibernate.event.def.DefaultMergeEventListener.entityIsTransient(DefaultMergeEventListener.java:186)
	at org.springframework.orm.hibernate3.support.IdTransferringMergeEventListener.entityIsTransient(IdTransferringMergeEventListener.java:58)
	at org.hibernate.event.def.DefaultMergeEventListener.onMerge(DefaultMergeEventListener.java:123)
	at org.hibernate.event.def.DefaultMergeEventListener.onMerge(DefaultMergeEventListener.java:53)
	at org.hibernate.impl.SessionImpl.fireMerge(SessionImpl.java:677)
	at org.hibernate.impl.SessionImpl.merge(SessionImpl.java:661)
	at org.hibernate.impl.SessionImpl.merge(SessionImpl.java:665)
	at org.springframework.orm.hibernate3.HibernateTemplate$23.doInHibernate(HibernateTemplate.java:772)
	at org.springframework.orm.hibernate3.HibernateTemplate.execute(HibernateTemplate.java:373)
Caused by: java.sql.SQLException: Unique constraint violation: SYS_CT_66 in statement [insert into users (id, type, parent, login_name, name, password, email, locale, locked, metadata_id) values (null, ?, ?, ?, ?, ?, ?, ?, ?, ?)]
	at org.hsqldb.jdbc.Util.throwError(Unknown Source)
	at org.hsqldb.jdbc.jdbcPreparedStatement.executeUpdate(Unknown Source)
	at org.hibernate.id.insert.AbstractSelectingDelegate.performInsert(AbstractSelectingDelegate.java:33)
</error>

      </testcase>

      <testcase classname="info.jtrac.JtracTest" name="testGeneratedPasswordIsAlwaysDifferent" time="0.002" />

      <testcase classname="info.jtrac.JtracTest" name="testStoreAndLoadUserWithAdminRole" time="0.003">
          <error message="could not insert: [info.jtrac.domain.User]; nested exception is org.hibernate.exception.ConstraintViolationException: could not insert: [info.jtrac.domain.User]" type="org.springframework.dao.DataIntegrityViolationException">org.springframework.dao.DataIntegrityViolationException: could not insert: [info.jtrac.domain.User]; nested exception is org.hibernate.exception.ConstraintViolationException: could not insert: [info.jtrac.domain.User]
	at org.springframework.orm.hibernate3.SessionFactoryUtils.convertHibernateAccessException(SessionFactoryUtils.java:622)
	at org.springframework.orm.hibernate3.HibernateAccessor.convertHibernateAccessException(HibernateAccessor.java:412)
	at org.springframework.orm.hibernate3.HibernateTemplate.execute(HibernateTemplate.java:378)
	at org.springframework.orm.hibernate3.HibernateTemplate.merge(HibernateTemplate.java:769)
	at info.jtrac.hibernate.HibernateJtracDao.storeUser(HibernateJtracDao.java:247)
	at info.jtrac.JtracImpl.storeUser(JtracImpl.java:468)
	at org.springframework.aop.support.AopUtils.invokeJoinpointUsingReflection(AopUtils.java:301)
	at org.springframework.aop.framework.ReflectiveMethodInvocation.invokeJoinpoint(ReflectiveMethodInvocation.java:182)
	at org.springframework.aop.framework.ReflectiveMethodInvocation.proceed(ReflectiveMethodInvocation.java:149)
	at org.springframework.transaction.interceptor.TransactionInterceptor.invoke(TransactionInterceptor.java:106)
	at org.springframework.aop.framework.ReflectiveMethodInvocation.proceed(ReflectiveMethodInvocation.java:171)
	at org.springframework.aop.framework.JdkDynamicAopProxy.invoke(JdkDynamicAopProxy.java:204)
	at com.sun.proxy.$Proxy1.storeUser(Unknown Source)
	at info.jtrac.JtracTest.testStoreAndLoadUserWithAdminRole(JtracTest.java:141)
	at org.springframework.test.ConditionalTestCase.runBare(ConditionalTestCase.java:76)
Caused by: org.hibernate.exception.ConstraintViolationException: could not insert: [info.jtrac.domain.User]
	at org.hibernate.exception.SQLStateConverter.convert(SQLStateConverter.java:71)
	at org.hibernate.exception.JDBCExceptionHelper.convert(JDBCExceptionHelper.java:43)
	at org.hibernate.id.insert.AbstractSelectingDelegate.performInsert(AbstractSelectingDelegate.java:40)
	at org.hibernate.persister.entity.AbstractEntityPersister.insert(AbstractEntityPersister.java:2158)
	at org.hibernate.persister.entity.AbstractEntityPersister.insert(AbstractEntityPersister.java:2638)
	at org.hibernate.action.EntityIdentityInsertAction.execute(EntityIdentityInsertAction.java:48)
	at org.hibernate.engine.ActionQueue.execute(ActionQueue.java:250)
	at org.hibernate.event.def.AbstractSaveEventListener.performSaveOrReplicate(AbstractSaveEventListener.java:298)
	at org.hibernate.event.def.AbstractSaveEventListener.performSave(AbstractSaveEventListener.java:181)
	at org.hibernate.event.def.AbstractSaveEventListener.saveWithGeneratedId(AbstractSaveEventListener.java:107)
	at org.hibernate.event.def.DefaultMergeEventListener.entityIsTransient(DefaultMergeEventListener.java:186)
	at org.springframework.orm.hibernate3.support.IdTransferringMergeEventListener.entityIsTransient(IdTransferringMergeEventListener.java:58)
	at org.hibernate.event.def.DefaultMergeEventListener.onMerge(DefaultMergeEventListener.java:123)
	at org.hibernate.event.def.DefaultMergeEventListener.onMerge(DefaultMergeEventListener.java:53)
	at org.hibernate.impl.SessionImpl.fireMerge(SessionImpl.java:677)
	at org.hibernate.impl.SessionImpl.merge(SessionImpl.java:661)
	at org.hibernate.impl.SessionImpl.merge(SessionImpl.java:665)
	at org.springframework.orm.hibernate3.HibernateTemplate$23.doInHibernate(HibernateTemplate.java:772)
	at org.springframework.orm.hibernate3.HibernateTemplate.execute(HibernateTemplate.java:373)
Caused by: java.sql.SQLException: Unique constraint violation: SYS_CT_66 in statement [insert into users (id, type, parent, login_name, name, password, email, locale, locked, metadata_id) values (null, ?, ?, ?, ?, ?, ?, ?, ?, ?)]
	at org.hsqldb.jdbc.Util.throwError(Unknown Source)
	at org.hsqldb.jdbc.jdbcPreparedStatement.executeUpdate(Unknown Source)
	at org.hibernate.id.insert.AbstractSelectingDelegate.performInsert(AbstractSelectingDelegate.java:33)
</error>

      </testcase>

      <testcase classname="info.jtrac.JtracTest" name="testGetItemAsHtmlDoesNotThrowException" time="0.023">
          <error message="could not insert: [info.jtrac.domain.User]; nested exception is org.hibernate.exception.ConstraintViolationException: could not insert: [info.jtrac.domain.User]" type="org.springframework.dao.DataIntegrityViolationException">org.springframework.dao.DataIntegrityViolationException: could not insert: [info.jtrac.domain.User]; nested exception is org.hibernate.exception.ConstraintViolationException: could not insert: [info.jtrac.domain.User]
	at org.springframework.orm.hibernate3.SessionFactoryUtils.convertHibernateAccessException(SessionFactoryUtils.java:622)
	at org.springframework.orm.hibernate3.HibernateAccessor.convertHibernateAccessException(HibernateAccessor.java:412)
	at org.springframework.orm.hibernate3.HibernateTemplate.execute(HibernateTemplate.java:378)
	at org.springframework.orm.hibernate3.HibernateTemplate.merge(HibernateTemplate.java:769)
	at info.jtrac.hibernate.HibernateJtracDao.storeUser(HibernateJtracDao.java:247)
	at info.jtrac.JtracImpl.storeUser(JtracImpl.java:468)
	at org.springframework.aop.support.AopUtils.invokeJoinpointUsingReflection(AopUtils.java:301)
	at org.springframework.aop.framework.ReflectiveMethodInvocation.invokeJoinpoint(ReflectiveMethodInvocation.java:182)
	at org.springframework.aop.framework.ReflectiveMethodInvocation.proceed(ReflectiveMethodInvocation.java:149)
	at org.springframework.transaction.interceptor.TransactionInterceptor.invoke(TransactionInterceptor.java:106)
	at org.springframework.aop.framework.ReflectiveMethodInvocation.proceed(ReflectiveMethodInvocation.java:171)
	at org.springframework.aop.framework.JdkDynamicAopProxy.invoke(JdkDynamicAopProxy.java:204)
	at com.sun.proxy.$Proxy1.storeUser(Unknown Source)
	at info.jtrac.JtracTest.testGetItemAsHtmlDoesNotThrowException(JtracTest.java:240)
	at org.springframework.test.ConditionalTestCase.runBare(ConditionalTestCase.java:76)
Caused by: org.hibernate.exception.ConstraintViolationException: could not insert: [info.jtrac.domain.User]
	at org.hibernate.exception.SQLStateConverter.convert(SQLStateConverter.java:71)
	at org.hibernate.exception.JDBCExceptionHelper.convert(JDBCExceptionHelper.java:43)
	at org.hibernate.id.insert.AbstractSelectingDelegate.performInsert(AbstractSelectingDelegate.java:40)
	at org.hibernate.persister.entity.AbstractEntityPersister.insert(AbstractEntityPersister.java:2158)
	at org.hibernate.persister.entity.AbstractEntityPersister.insert(AbstractEntityPersister.java:2638)
	at org.hibernate.action.EntityIdentityInsertAction.execute(EntityIdentityInsertAction.java:48)
	at org.hibernate.engine.ActionQueue.execute(ActionQueue.java:250)
	at org.hibernate.event.def.AbstractSaveEventListener.performSaveOrReplicate(AbstractSaveEventListener.java:298)
	at org.hibernate.event.def.AbstractSaveEventListener.performSave(AbstractSaveEventListener.java:181)
	at org.hibernate.event.def.AbstractSaveEventListener.saveWithGeneratedId(AbstractSaveEventListener.java:107)
	at org.hibernate.event.def.DefaultMergeEventListener.entityIsTransient(DefaultMergeEventListener.java:186)
	at org.springframework.orm.hibernate3.support.IdTransferringMergeEventListener.entityIsTransient(IdTransferringMergeEventListener.java:58)
	at org.hibernate.event.def.DefaultMergeEventListener.onMerge(DefaultMergeEventListener.java:123)
	at org.hibernate.event.def.DefaultMergeEventListener.onMerge(DefaultMergeEventListener.java:53)
	at org.hibernate.impl.SessionImpl.fireMerge(SessionImpl.java:677)
	at org.hibernate.impl.SessionImpl.merge(SessionImpl.java:661)
	at org.hibernate.impl.SessionImpl.merge(SessionImpl.java:665)
	at org.springframework.orm.hibernate3.HibernateTemplate$23.doInHibernate(HibernateTemplate.java:772)
	at org.springframework.orm.hibernate3.HibernateTemplate.execute(HibernateTemplate.java:373)
Caused by: java.sql.SQLException: Unique constraint violation: SYS_CT_66 in statement [insert into users (id, type, parent, login_name, name, password, email, locale, locked, metadata_id) values (null, ?, ?, ?, ?, ?, ?, ?, ?, ?)]
	at org.hsqldb.jdbc.Util.throwError(Unknown Source)
	at org.hsqldb.jdbc.jdbcPreparedStatement.executeUpdate(Unknown Source)
	at org.hibernate.id.insert.AbstractSelectingDelegate.performInsert(AbstractSelectingDelegate.java:33)
</error>

      </testcase>

      <testcase classname="info.jtrac.JtracTest" name="testDeleteItemThatHasRelatedItems" time="0.017">
          <error message="could not insert: [info.jtrac.domain.User]; nested exception is org.hibernate.exception.ConstraintViolationException: could not insert: [info.jtrac.domain.User]" type="org.springframework.dao.DataIntegrityViolationException">org.springframework.dao.DataIntegrityViolationException: could not insert: [info.jtrac.domain.User]; nested exception is org.hibernate.exception.ConstraintViolationException: could not insert: [info.jtrac.domain.User]
	at org.springframework.orm.hibernate3.SessionFactoryUtils.convertHibernateAccessException(SessionFactoryUtils.java:622)
	at org.springframework.orm.hibernate3.HibernateAccessor.convertHibernateAccessException(HibernateAccessor.java:412)
	at org.springframework.orm.hibernate3.HibernateTemplate.execute(HibernateTemplate.java:378)
	at org.springframework.orm.hibernate3.HibernateTemplate.merge(HibernateTemplate.java:769)
	at info.jtrac.hibernate.HibernateJtracDao.storeUser(HibernateJtracDao.java:247)
	at info.jtrac.JtracImpl.storeUser(JtracImpl.java:468)
	at org.springframework.aop.support.AopUtils.invokeJoinpointUsingReflection(AopUtils.java:301)
	at org.springframework.aop.framework.ReflectiveMethodInvocation.invokeJoinpoint(ReflectiveMethodInvocation.java:182)
	at org.springframework.aop.framework.ReflectiveMethodInvocation.proceed(ReflectiveMethodInvocation.java:149)
	at org.springframework.transaction.interceptor.TransactionInterceptor.invoke(TransactionInterceptor.java:106)
	at org.springframework.aop.framework.ReflectiveMethodInvocation.proceed(ReflectiveMethodInvocation.java:171)
	at org.springframework.aop.framework.JdkDynamicAopProxy.invoke(JdkDynamicAopProxy.java:204)
	at com.sun.proxy.$Proxy1.storeUser(Unknown Source)
	at info.jtrac.JtracTest.testDeleteItemThatHasRelatedItems(JtracTest.java:259)
	at org.springframework.test.ConditionalTestCase.runBare(ConditionalTestCase.java:76)
Caused by: org.hibernate.exception.ConstraintViolationException: could not insert: [info.jtrac.domain.User]
	at org.hibernate.exception.SQLStateConverter.convert(SQLStateConverter.java:71)
	at org.hibernate.exception.JDBCExceptionHelper.convert(JDBCExceptionHelper.java:43)
	at org.hibernate.id.insert.AbstractSelectingDelegate.performInsert(AbstractSelectingDelegate.java:40)
	at org.hibernate.persister.entity.AbstractEntityPersister.insert(AbstractEntityPersister.java:2158)
	at org.hibernate.persister.entity.AbstractEntityPersister.insert(AbstractEntityPersister.java:2638)
	at org.hibernate.action.EntityIdentityInsertAction.execute(EntityIdentityInsertAction.java:48)
	at org.hibernate.engine.ActionQueue.execute(ActionQueue.java:250)
	at org.hibernate.event.def.AbstractSaveEventListener.performSaveOrReplicate(AbstractSaveEventListener.java:298)
	at org.hibernate.event.def.AbstractSaveEventListener.performSave(AbstractSaveEventListener.java:181)
	at org.hibernate.event.def.AbstractSaveEventListener.saveWithGeneratedId(AbstractSaveEventListener.java:107)
	at org.hibernate.event.def.DefaultMergeEventListener.entityIsTransient(DefaultMergeEventListener.java:186)
	at org.springframework.orm.hibernate3.support.IdTransferringMergeEventListener.entityIsTransient(IdTransferringMergeEventListener.java:58)
	at org.hibernate.event.def.DefaultMergeEventListener.onMerge(DefaultMergeEventListener.java:123)
	at org.hibernate.event.def.DefaultMergeEventListener.onMerge(DefaultMergeEventListener.java:53)
	at org.hibernate.impl.SessionImpl.fireMerge(SessionImpl.java:677)
	at org.hibernate.impl.SessionImpl.merge(SessionImpl.java:661)
	at org.hibernate.impl.SessionImpl.merge(SessionImpl.java:665)
	at org.springframework.orm.hibernate3.HibernateTemplate$23.doInHibernate(HibernateTemplate.java:772)
	at org.springframework.orm.hibernate3.HibernateTemplate.execute(HibernateTemplate.java:373)
Caused by: java.sql.SQLException: Unique constraint violation: SYS_CT_66 in statement [insert into users (id, type, parent, login_name, name, password, email, locale, locked, metadata_id) values (null, ?, ?, ?, ?, ?, ?, ?, ?, ?)]
	at org.hsqldb.jdbc.Util.throwError(Unknown Source)
	at org.hsqldb.jdbc.jdbcPreparedStatement.executeUpdate(Unknown Source)
	at org.hibernate.id.insert.AbstractSelectingDelegate.performInsert(AbstractSelectingDelegate.java:33)
</error>

      </testcase>

      <testcase classname="info.jtrac.JtracTest" name="testDeletingUserDeletesItemUsersAlso" time="0.012">
          <error message="could not insert: [info.jtrac.domain.User]; nested exception is org.hibernate.exception.ConstraintViolationException: could not insert: [info.jtrac.domain.User]" type="org.springframework.dao.DataIntegrityViolationException">org.springframework.dao.DataIntegrityViolationException: could not insert: [info.jtrac.domain.User]; nested exception is org.hibernate.exception.ConstraintViolationException: could not insert: [info.jtrac.domain.User]
	at org.springframework.orm.hibernate3.SessionFactoryUtils.convertHibernateAccessException(SessionFactoryUtils.java:622)
	at org.springframework.orm.hibernate3.HibernateAccessor.convertHibernateAccessException(HibernateAccessor.java:412)
	at org.springframework.orm.hibernate3.HibernateTemplate.execute(HibernateTemplate.java:378)
	at org.springframework.orm.hibernate3.HibernateTemplate.merge(HibernateTemplate.java:769)
	at info.jtrac.hibernate.HibernateJtracDao.storeUser(HibernateJtracDao.java:247)
	at info.jtrac.JtracImpl.storeUser(JtracImpl.java:468)
	at org.springframework.aop.support.AopUtils.invokeJoinpointUsingReflection(AopUtils.java:301)
	at org.springframework.aop.framework.ReflectiveMethodInvocation.invokeJoinpoint(ReflectiveMethodInvocation.java:182)
	at org.springframework.aop.framework.ReflectiveMethodInvocation.proceed(ReflectiveMethodInvocation.java:149)
	at org.springframework.transaction.interceptor.TransactionInterceptor.invoke(TransactionInterceptor.java:106)
	at org.springframework.aop.framework.ReflectiveMethodInvocation.proceed(ReflectiveMethodInvocation.java:171)
	at org.springframework.aop.framework.JdkDynamicAopProxy.invoke(JdkDynamicAopProxy.java:204)
	at com.sun.proxy.$Proxy1.storeUser(Unknown Source)
	at info.jtrac.JtracTest.testDeletingUserDeletesItemUsersAlso(JtracTest.java:296)
	at org.springframework.test.ConditionalTestCase.runBare(ConditionalTestCase.java:76)
Caused by: org.hibernate.exception.ConstraintViolationException: could not insert: [info.jtrac.domain.User]
	at org.hibernate.exception.SQLStateConverter.convert(SQLStateConverter.java:71)
	at org.hibernate.exception.JDBCExceptionHelper.convert(JDBCExceptionHelper.java:43)
	at org.hibernate.id.insert.AbstractSelectingDelegate.performInsert(AbstractSelectingDelegate.java:40)
	at org.hibernate.persister.entity.AbstractEntityPersister.insert(AbstractEntityPersister.java:2158)
	at org.hibernate.persister.entity.AbstractEntityPersister.insert(AbstractEntityPersister.java:2638)
	at org.hibernate.action.EntityIdentityInsertAction.execute(EntityIdentityInsertAction.java:48)
	at org.hibernate.engine.ActionQueue.execute(ActionQueue.java:250)
	at org.hibernate.event.def.AbstractSaveEventListener.performSaveOrReplicate(AbstractSaveEventListener.java:298)
	at org.hibernate.event.def.AbstractSaveEventListener.performSave(AbstractSaveEventListener.java:181)
	at org.hibernate.event.def.AbstractSaveEventListener.saveWithGeneratedId(AbstractSaveEventListener.java:107)
	at org.hibernate.event.def.DefaultMergeEventListener.entityIsTransient(DefaultMergeEventListener.java:186)
	at org.springframework.orm.hibernate3.support.IdTransferringMergeEventListener.entityIsTransient(IdTransferringMergeEventListener.java:58)
	at org.hibernate.event.def.DefaultMergeEventListener.onMerge(DefaultMergeEventListener.java:123)
	at org.hibernate.event.def.DefaultMergeEventListener.onMerge(DefaultMergeEventListener.java:53)
	at org.hibernate.impl.SessionImpl.fireMerge(SessionImpl.java:677)
	at org.hibernate.impl.SessionImpl.merge(SessionImpl.java:661)
	at org.hibernate.impl.SessionImpl.merge(SessionImpl.java:665)
	at org.springframework.orm.hibernate3.HibernateTemplate$23.doInHibernate(HibernateTemplate.java:772)
	at org.springframework.orm.hibernate3.HibernateTemplate.execute(HibernateTemplate.java:373)
Caused by: java.sql.SQLException: Unique constraint violation: SYS_CT_66 in statement [insert into users (id, type, parent, login_name, name, password, email, locale, locked, metadata_id) values (null, ?, ?, ?, ?, ?, ?, ?, ?, ?)]
	at org.hsqldb.jdbc.Util.throwError(Unknown Source)
	at org.hsqldb.jdbc.jdbcPreparedStatement.executeUpdate(Unknown Source)
	at org.hibernate.id.insert.AbstractSelectingDelegate.performInsert(AbstractSelectingDelegate.java:33)
</error>

      </testcase>

      <testcase classname="info.jtrac.JtracTest" name="testFindSuperUsers" time="0.008">
          <failure message="expected:&lt;1&gt; but was:&lt;0&gt;" type="junit.framework.AssertionFailedError">junit.framework.AssertionFailedError: expected:&lt;1&gt; but was:&lt;0&gt;
	at info.jtrac.JtracTest.testFindSuperUsers(JtracTest.java:388)
	at org.springframework.test.ConditionalTestCase.runBare(ConditionalTestCase.java:76)
</failure>

      </testcase>

      <testcase classname="info.jtrac.JtracTest" name="testRenameSpaceRole" time="0.008">
          <error message="could not insert: [info.jtrac.domain.User]; nested exception is org.hibernate.exception.ConstraintViolationException: could not insert: [info.jtrac.domain.User]" type="org.springframework.dao.DataIntegrityViolationException">org.springframework.dao.DataIntegrityViolationException: could not insert: [info.jtrac.domain.User]; nested exception is org.hibernate.exception.ConstraintViolationException: could not insert: [info.jtrac.domain.User]
	at org.springframework.orm.hibernate3.SessionFactoryUtils.convertHibernateAccessException(SessionFactoryUtils.java:622)
	at org.springframework.orm.hibernate3.HibernateAccessor.convertHibernateAccessException(HibernateAccessor.java:412)
	at org.springframework.orm.hibernate3.HibernateTemplate.execute(HibernateTemplate.java:378)
	at org.springframework.orm.hibernate3.HibernateTemplate.merge(HibernateTemplate.java:769)
	at info.jtrac.hibernate.HibernateJtracDao.storeUser(HibernateJtracDao.java:247)
	at info.jtrac.JtracImpl.storeUser(JtracImpl.java:468)
	at org.springframework.aop.support.AopUtils.invokeJoinpointUsingReflection(AopUtils.java:301)
	at org.springframework.aop.framework.ReflectiveMethodInvocation.invokeJoinpoint(ReflectiveMethodInvocation.java:182)
	at org.springframework.aop.framework.ReflectiveMethodInvocation.proceed(ReflectiveMethodInvocation.java:149)
	at org.springframework.transaction.interceptor.TransactionInterceptor.invoke(TransactionInterceptor.java:106)
	at org.springframework.aop.framework.ReflectiveMethodInvocation.proceed(ReflectiveMethodInvocation.java:171)
	at org.springframework.aop.framework.JdkDynamicAopProxy.invoke(JdkDynamicAopProxy.java:204)
	at com.sun.proxy.$Proxy1.storeUser(Unknown Source)
	at info.jtrac.JtracTest.testRenameSpaceRole(JtracTest.java:222)
	at org.springframework.test.ConditionalTestCase.runBare(ConditionalTestCase.java:76)
Caused by: org.hibernate.exception.ConstraintViolationException: could not insert: [info.jtrac.domain.User]
	at org.hibernate.exception.SQLStateConverter.convert(SQLStateConverter.java:71)
	at org.hibernate.exception.JDBCExceptionHelper.convert(JDBCExceptionHelper.java:43)
	at org.hibernate.id.insert.AbstractSelectingDelegate.performInsert(AbstractSelectingDelegate.java:40)
	at org.hibernate.persister.entity.AbstractEntityPersister.insert(AbstractEntityPersister.java:2158)
	at org.hibernate.persister.entity.AbstractEntityPersister.insert(AbstractEntityPersister.java:2638)
	at org.hibernate.action.EntityIdentityInsertAction.execute(EntityIdentityInsertAction.java:48)
	at org.hibernate.engine.ActionQueue.execute(ActionQueue.java:250)
	at org.hibernate.event.def.AbstractSaveEventListener.performSaveOrReplicate(AbstractSaveEventListener.java:298)
	at org.hibernate.event.def.AbstractSaveEventListener.performSave(AbstractSaveEventListener.java:181)
	at org.hibernate.event.def.AbstractSaveEventListener.saveWithGeneratedId(AbstractSaveEventListener.java:107)
	at org.hibernate.event.def.DefaultMergeEventListener.entityIsTransient(DefaultMergeEventListener.java:186)
	at org.springframework.orm.hibernate3.support.IdTransferringMergeEventListener.entityIsTransient(IdTransferringMergeEventListener.java:58)
	at org.hibernate.event.def.DefaultMergeEventListener.onMerge(DefaultMergeEventListener.java:123)
	at org.hibernate.event.def.DefaultMergeEventListener.onMerge(DefaultMergeEventListener.java:53)
	at org.hibernate.impl.SessionImpl.fireMerge(SessionImpl.java:677)
	at org.hibernate.impl.SessionImpl.merge(SessionImpl.java:661)
	at org.hibernate.impl.SessionImpl.merge(SessionImpl.java:665)
	at org.springframework.orm.hibernate3.HibernateTemplate$23.doInHibernate(HibernateTemplate.java:772)
	at org.springframework.orm.hibernate3.HibernateTemplate.execute(HibernateTemplate.java:373)
Caused by: java.sql.SQLException: Unique constraint violation: SYS_CT_66 in statement [insert into users (id, type, parent, login_name, name, password, email, locale, locked, metadata_id) values (null, ?, ?, ?, ?, ?, ?, ?, ?, ?)]
	at org.hsqldb.jdbc.Util.throwError(Unknown Source)
	at org.hsqldb.jdbc.jdbcPreparedStatement.executeUpdate(Unknown Source)
	at org.hibernate.id.insert.AbstractSelectingDelegate.performInsert(AbstractSelectingDelegate.java:33)
</error>

      </testcase>

      <testcase classname="info.jtrac.JtracTest" name="testFindSpacesWhereGuestAllowed" time="0.01" />

      <testcase classname="info.jtrac.JtracTest" name="testLoadSpaceRolesMapForUser" time="0.009" />

      <testcase classname="info.jtrac.JtracTest" name="testUserSpaceRolesInsert" time="0.008">
          <error message="could not insert: [info.jtrac.domain.User]; nested exception is org.hibernate.exception.ConstraintViolationException: could not insert: [info.jtrac.domain.User]" type="org.springframework.dao.DataIntegrityViolationException">org.springframework.dao.DataIntegrityViolationException: could not insert: [info.jtrac.domain.User]; nested exception is org.hibernate.exception.ConstraintViolationException: could not insert: [info.jtrac.domain.User]
	at org.springframework.orm.hibernate3.SessionFactoryUtils.convertHibernateAccessException(SessionFactoryUtils.java:622)
	at org.springframework.orm.hibernate3.HibernateAccessor.convertHibernateAccessException(HibernateAccessor.java:412)
	at org.springframework.orm.hibernate3.HibernateTemplate.execute(HibernateTemplate.java:378)
	at org.springframework.orm.hibernate3.HibernateTemplate.merge(HibernateTemplate.java:769)
	at info.jtrac.hibernate.HibernateJtracDao.storeUser(HibernateJtracDao.java:247)
	at info.jtrac.JtracImpl.storeUser(JtracImpl.java:468)
	at org.springframework.aop.support.AopUtils.invokeJoinpointUsingReflection(AopUtils.java:301)
	at org.springframework.aop.framework.ReflectiveMethodInvocation.invokeJoinpoint(ReflectiveMethodInvocation.java:182)
	at org.springframework.aop.framework.ReflectiveMethodInvocation.proceed(ReflectiveMethodInvocation.java:149)
	at org.springframework.transaction.interceptor.TransactionInterceptor.invoke(TransactionInterceptor.java:106)
	at org.springframework.aop.framework.ReflectiveMethodInvocation.proceed(ReflectiveMethodInvocation.java:171)
	at org.springframework.aop.framework.JdkDynamicAopProxy.invoke(JdkDynamicAopProxy.java:204)
	at com.sun.proxy.$Proxy1.storeUser(Unknown Source)
	at info.jtrac.JtracTest.testUserSpaceRolesInsert(JtracTest.java:108)
	at org.springframework.test.ConditionalTestCase.runBare(ConditionalTestCase.java:76)
Caused by: org.hibernate.exception.ConstraintViolationException: could not insert: [info.jtrac.domain.User]
	at org.hibernate.exception.SQLStateConverter.convert(SQLStateConverter.java:71)
	at org.hibernate.exception.JDBCExceptionHelper.convert(JDBCExceptionHelper.java:43)
	at org.hibernate.id.insert.AbstractSelectingDelegate.performInsert(AbstractSelectingDelegate.java:40)
	at org.hibernate.persister.entity.AbstractEntityPersister.insert(AbstractEntityPersister.java:2158)
	at org.hibernate.persister.entity.AbstractEntityPersister.insert(AbstractEntityPersister.java:2638)
	at org.hibernate.action.EntityIdentityInsertAction.execute(EntityIdentityInsertAction.java:48)
	at org.hibernate.engine.ActionQueue.execute(ActionQueue.java:250)
	at org.hibernate.event.def.AbstractSaveEventListener.performSaveOrReplicate(AbstractSaveEventListener.java:298)
	at org.hibernate.event.def.AbstractSaveEventListener.performSave(AbstractSaveEventListener.java:181)
	at org.hibernate.event.def.AbstractSaveEventListener.saveWithGeneratedId(AbstractSaveEventListener.java:107)
	at org.hibernate.event.def.DefaultMergeEventListener.entityIsTransient(DefaultMergeEventListener.java:186)
	at org.springframework.orm.hibernate3.support.IdTransferringMergeEventListener.entityIsTransient(IdTransferringMergeEventListener.java:58)
	at org.hibernate.event.def.DefaultMergeEventListener.onMerge(DefaultMergeEventListener.java:123)
	at org.hibernate.event.def.DefaultMergeEventListener.onMerge(DefaultMergeEventListener.java:53)
	at org.hibernate.impl.SessionImpl.fireMerge(SessionImpl.java:677)
	at org.hibernate.impl.SessionImpl.merge(SessionImpl.java:661)
	at org.hibernate.impl.SessionImpl.merge(SessionImpl.java:665)
	at org.springframework.orm.hibernate3.HibernateTemplate$23.doInHibernate(HibernateTemplate.java:772)
	at org.springframework.orm.hibernate3.HibernateTemplate.execute(HibernateTemplate.java:373)
Caused by: java.sql.SQLException: Unique constraint violation: SYS_CT_66 in statement [insert into users (id, type, parent, login_name, name, password, email, locale, locked, metadata_id) values (null, ?, ?, ?, ?, ?, ?, ?, ?, ?)]
	at org.hsqldb.jdbc.Util.throwError(Unknown Source)
	at org.hsqldb.jdbc.jdbcPreparedStatement.executeUpdate(Unknown Source)
	at org.hibernate.id.insert.AbstractSelectingDelegate.performInsert(AbstractSelectingDelegate.java:33)
</error>

      </testcase>

      <testcase classname="info.jtrac.JtracTest" name="testUserInsertAndLoad" time="0.003">
          <error message="could not insert: [info.jtrac.domain.User]; nested exception is org.hibernate.exception.ConstraintViolationException: could not insert: [info.jtrac.domain.User]" type="org.springframework.dao.DataIntegrityViolationException">org.springframework.dao.DataIntegrityViolationException: could not insert: [info.jtrac.domain.User]; nested exception is org.hibernate.exception.ConstraintViolationException: could not insert: [info.jtrac.domain.User]
	at org.springframework.orm.hibernate3.SessionFactoryUtils.convertHibernateAccessException(SessionFactoryUtils.java:622)
	at org.springframework.orm.hibernate3.HibernateAccessor.convertHibernateAccessException(HibernateAccessor.java:412)
	at org.springframework.orm.hibernate3.HibernateTemplate.execute(HibernateTemplate.java:378)
	at org.springframework.orm.hibernate3.HibernateTemplate.merge(HibernateTemplate.java:769)
	at info.jtrac.hibernate.HibernateJtracDao.storeUser(HibernateJtracDao.java:247)
	at info.jtrac.JtracImpl.storeUser(JtracImpl.java:468)
	at org.springframework.aop.support.AopUtils.invokeJoinpointUsingReflection(AopUtils.java:301)
	at org.springframework.aop.framework.ReflectiveMethodInvocation.invokeJoinpoint(ReflectiveMethodInvocation.java:182)
	at org.springframework.aop.framework.ReflectiveMethodInvocation.proceed(ReflectiveMethodInvocation.java:149)
	at org.springframework.transaction.interceptor.TransactionInterceptor.invoke(TransactionInterceptor.java:106)
	at org.springframework.aop.framework.ReflectiveMethodInvocation.proceed(ReflectiveMethodInvocation.java:171)
	at org.springframework.aop.framework.JdkDynamicAopProxy.invoke(JdkDynamicAopProxy.java:204)
	at com.sun.proxy.$Proxy1.storeUser(Unknown Source)
	at info.jtrac.JtracTest.testUserInsertAndLoad(JtracTest.java:90)
	at org.springframework.test.ConditionalTestCase.runBare(ConditionalTestCase.java:76)
Caused by: org.hibernate.exception.ConstraintViolationException: could not insert: [info.jtrac.domain.User]
	at org.hibernate.exception.SQLStateConverter.convert(SQLStateConverter.java:71)
	at org.hibernate.exception.JDBCExceptionHelper.convert(JDBCExceptionHelper.java:43)
	at org.hibernate.id.insert.AbstractSelectingDelegate.performInsert(AbstractSelectingDelegate.java:40)
	at org.hibernate.persister.entity.AbstractEntityPersister.insert(AbstractEntityPersister.java:2158)
	at org.hibernate.persister.entity.AbstractEntityPersister.insert(AbstractEntityPersister.java:2638)
	at org.hibernate.action.EntityIdentityInsertAction.execute(EntityIdentityInsertAction.java:48)
	at org.hibernate.engine.ActionQueue.execute(ActionQueue.java:250)
	at org.hibernate.event.def.AbstractSaveEventListener.performSaveOrReplicate(AbstractSaveEventListener.java:298)
	at org.hibernate.event.def.AbstractSaveEventListener.performSave(AbstractSaveEventListener.java:181)
	at org.hibernate.event.def.AbstractSaveEventListener.saveWithGeneratedId(AbstractSaveEventListener.java:107)
	at org.hibernate.event.def.DefaultMergeEventListener.entityIsTransient(DefaultMergeEventListener.java:186)
	at org.springframework.orm.hibernate3.support.IdTransferringMergeEventListener.entityIsTransient(IdTransferringMergeEventListener.java:58)
	at org.hibernate.event.def.DefaultMergeEventListener.onMerge(DefaultMergeEventListener.java:123)
	at org.hibernate.event.def.DefaultMergeEventListener.onMerge(DefaultMergeEventListener.java:53)
	at org.hibernate.impl.SessionImpl.fireMerge(SessionImpl.java:677)
	at org.hibernate.impl.SessionImpl.merge(SessionImpl.java:661)
	at org.hibernate.impl.SessionImpl.merge(SessionImpl.java:665)
	at org.springframework.orm.hibernate3.HibernateTemplate$23.doInHibernate(HibernateTemplate.java:772)
	at org.springframework.orm.hibernate3.HibernateTemplate.execute(HibernateTemplate.java:373)
Caused by: java.sql.SQLException: Unique constraint violation: SYS_CT_66 in statement [insert into users (id, type, parent, login_name, name, password, email, locale, locked, metadata_id) values (null, ?, ?, ?, ?, ?, ?, ?, ?, ?)]
	at org.hsqldb.jdbc.Util.throwError(Unknown Source)
	at org.hsqldb.jdbc.jdbcPreparedStatement.executeUpdate(Unknown Source)
	at org.hibernate.id.insert.AbstractSelectingDelegate.performInsert(AbstractSelectingDelegate.java:33)
</error>

      </testcase>

      <testcase classname="info.jtrac.JtracTest" name="testItemInsertAndCounts" time="0.007">
          <error message="could not insert: [info.jtrac.domain.User]; nested exception is org.hibernate.exception.ConstraintViolationException: could not insert: [info.jtrac.domain.User]" type="org.springframework.dao.DataIntegrityViolationException">org.springframework.dao.DataIntegrityViolationException: could not insert: [info.jtrac.domain.User]; nested exception is org.hibernate.exception.ConstraintViolationException: could not insert: [info.jtrac.domain.User]
	at org.springframework.orm.hibernate3.SessionFactoryUtils.convertHibernateAccessException(SessionFactoryUtils.java:622)
	at org.springframework.orm.hibernate3.HibernateAccessor.convertHibernateAccessException(HibernateAccessor.java:412)
	at org.springframework.orm.hibernate3.HibernateTemplate.execute(HibernateTemplate.java:378)
	at org.springframework.orm.hibernate3.HibernateTemplate.merge(HibernateTemplate.java:769)
	at info.jtrac.hibernate.HibernateJtracDao.storeUser(HibernateJtracDao.java:247)
	at info.jtrac.JtracImpl.storeUser(JtracImpl.java:468)
	at org.springframework.aop.support.AopUtils.invokeJoinpointUsingReflection(AopUtils.java:301)
	at org.springframework.aop.framework.ReflectiveMethodInvocation.invokeJoinpoint(ReflectiveMethodInvocation.java:182)
	at org.springframework.aop.framework.ReflectiveMethodInvocation.proceed(ReflectiveMethodInvocation.java:149)
	at org.springframework.transaction.interceptor.TransactionInterceptor.invoke(TransactionInterceptor.java:106)
	at org.springframework.aop.framework.ReflectiveMethodInvocation.proceed(ReflectiveMethodInvocation.java:171)
	at org.springframework.aop.framework.JdkDynamicAopProxy.invoke(JdkDynamicAopProxy.java:204)
	at com.sun.proxy.$Proxy1.storeUser(Unknown Source)
	at info.jtrac.JtracTest.testItemInsertAndCounts(JtracTest.java:171)
	at org.springframework.test.ConditionalTestCase.runBare(ConditionalTestCase.java:76)
Caused by: org.hibernate.exception.ConstraintViolationException: could not insert: [info.jtrac.domain.User]
	at org.hibernate.exception.SQLStateConverter.convert(SQLStateConverter.java:71)
	at org.hibernate.exception.JDBCExceptionHelper.convert(JDBCExceptionHelper.java:43)
	at org.hibernate.id.insert.AbstractSelectingDelegate.performInsert(AbstractSelectingDelegate.java:40)
	at org.hibernate.persister.entity.AbstractEntityPersister.insert(AbstractEntityPersister.java:2158)
	at org.hibernate.persister.entity.AbstractEntityPersister.insert(AbstractEntityPersister.java:2638)
	at org.hibernate.action.EntityIdentityInsertAction.execute(EntityIdentityInsertAction.java:48)
	at org.hibernate.engine.ActionQueue.execute(ActionQueue.java:250)
	at org.hibernate.event.def.AbstractSaveEventListener.performSaveOrReplicate(AbstractSaveEventListener.java:298)
	at org.hibernate.event.def.AbstractSaveEventListener.performSave(AbstractSaveEventListener.java:181)
	at org.hibernate.event.def.AbstractSaveEventListener.saveWithGeneratedId(AbstractSaveEventListener.java:107)
	at org.hibernate.event.def.DefaultMergeEventListener.entityIsTransient(DefaultMergeEventListener.java:186)
	at org.springframework.orm.hibernate3.support.IdTransferringMergeEventListener.entityIsTransient(IdTransferringMergeEventListener.java:58)
	at org.hibernate.event.def.DefaultMergeEventListener.onMerge(DefaultMergeEventListener.java:123)
	at org.hibernate.event.def.DefaultMergeEventListener.onMerge(DefaultMergeEventListener.java:53)
	at org.hibernate.impl.SessionImpl.fireMerge(SessionImpl.java:677)
	at org.hibernate.impl.SessionImpl.merge(SessionImpl.java:661)
	at org.hibernate.impl.SessionImpl.merge(SessionImpl.java:665)
	at org.springframework.orm.hibernate3.HibernateTemplate$23.doInHibernate(HibernateTemplate.java:772)
	at org.springframework.orm.hibernate3.HibernateTemplate.execute(HibernateTemplate.java:373)
Caused by: java.sql.SQLException: Unique constraint violation: SYS_CT_66 in statement [insert into users (id, type, parent, login_name, name, password, email, locale, locked, metadata_id) values (null, ?, ?, ?, ?, ?, ?, ?, ?, ?)]
	at org.hsqldb.jdbc.Util.throwError(Unknown Source)
	at org.hsqldb.jdbc.jdbcPreparedStatement.executeUpdate(Unknown Source)
	at org.hibernate.id.insert.AbstractSelectingDelegate.performInsert(AbstractSelectingDelegate.java:33)
</error>

      </testcase>

      <testcase classname="info.jtrac.JtracTest" name="testConfigStoreAndLoad" time="0.001" />

      <system-out><![CDATA[2016-11-24 14:39:30,348 [main] INFO [info.jtrac.JtracTest] - Loading context for locations: file:src/main/webapp/WEB-INF/applicationContext.xml,file:src/main/webapp/WEB-INF/applicationContext-lucene.xml
EMMA: collecting runtime coverage data ...
2016-11-24 14:39:30,718 [main] INFO [info.jtrac.config.JtracConfigurer] - found 'jtrac-init.properties' on classpath, processing...
2016-11-24 14:39:30,719 [main] INFO [info.jtrac.config.JtracConfigurer] - locales available configured are 'en,ar,cs,de,el,en,es,es_AR,es_MX,fr,hu,it,ja,ko,nl,no,pl,pt_BR,ru,sl,sv,tr,zh_CN,zh_TW'
2016-11-24 14:39:30,720 [main] INFO [info.jtrac.config.JtracConfigurer] - valid 'jtrac.home' property not available in 'jtrac-init.properties', trying system properties.
2016-11-24 14:39:30,720 [main] INFO [info.jtrac.config.JtracConfigurer] - 'jtrac.home' property initialized from system properties as 'target/home'
2016-11-24 14:39:30,720 [main] INFO [info.jtrac.config.JtracConfigurer] - directory does not exist, created 'target\home'
2016-11-24 14:39:30,721 [main] INFO [info.jtrac.config.JtracConfigurer] - directory does not exist, created 'target\home\attachments'
2016-11-24 14:39:30,722 [main] INFO [info.jtrac.config.JtracConfigurer] - directory does not exist, created 'target\home\indexes'
2016-11-24 14:39:30,723 [main] INFO [info.jtrac.config.JtracConfigurer] - properties file does not exist, created 'target\home\jtrac.properties'
2016-11-24 14:39:30,726 [main] INFO [info.jtrac.config.JtracConfigurer] - HSQLDB will be used.  Finished creating 'target\home\jtrac.properties'
2016-11-24 14:39:30,726 [main] INFO [info.jtrac.config.JtracConfigurer] - found 'jtrac-version.properties' on classpath, processing...
2016-11-24 14:39:30,732 [main] INFO [info.jtrac.config.JtracConfigurer] - jtrac.version = '2.1.1'
2016-11-24 14:39:30,732 [main] INFO [info.jtrac.config.JtracConfigurer] - jtrac.timestamp = '1441009928'
2016-11-24 14:39:30,733 [main] INFO [info.jtrac.config.JtracConfigurer] - Loading properties file from file [C:\workspace\jtrac\target\home\jtrac.properties]
2016-11-24 14:39:30,854 [main] INFO [info.jtrac.config.DataSourceFactoryBean] - embedded HSQLDB mode detected, switching on spring single connection data source
2016-11-24 14:39:32,793 [main] DEBUG [org.hibernate.SQL] - select item0_.id as id0_, item0_.version as version0_, item0_.space_id as space3_0_, item0_.sequence_num as sequence4_0_, item0_.type as type0_, item0_.parent_id as parent6_0_, item0_.time_stamp as time7_0_, item0_.planned_effort as planned8_0_, item0_.logged_by as logged9_0_, item0_.assigned_to as assigned10_0_, item0_.summary as summary0_, item0_.detail as detail0_, item0_.status as status0_, item0_.severity as severity0_, item0_.priority as priority0_, item0_.cus_dbl_01 as cus16_0_, item0_.cus_dbl_02 as cus17_0_, item0_.cus_dbl_03 as cus18_0_, item0_.cus_int_01 as cus19_0_, item0_.cus_int_02 as cus20_0_, item0_.cus_int_03 as cus21_0_, item0_.cus_int_04 as cus22_0_, item0_.cus_int_05 as cus23_0_, item0_.cus_int_06 as cus24_0_, item0_.cus_int_07 as cus25_0_, item0_.cus_int_08 as cus26_0_, item0_.cus_int_09 as cus27_0_, item0_.cus_int_10 as cus28_0_, item0_.cus_str_01 as cus29_0_, item0_.cus_str_02 as cus30_0_, item0_.cus_str_03 as cus31_0_, item0_.cus_str_04 as cus32_0_, item0_.cus_str_05 as cus33_0_, item0_.cus_tim_01 as cus34_0_, item0_.cus_tim_02 as cus35_0_, item0_.cus_tim_03 as cus36_0_, item0_.cus_text_01 as cus37_0_, item0_.cus_text_02 as cus38_0_, item0_.cus_text_03 as cus39_0_ from items item0_ where item0_.id=1
2016-11-24 14:39:32,801 [main] INFO [info.jtrac.hibernate.HibernateJtracDao] - database schema exists, normal startup
2016-11-24 14:39:32,818 [main] DEBUG [org.hibernate.SQL] - select this_.id as id9_0_, this_.next_seq_num as next2_9_0_ from space_sequence this_
2016-11-24 14:39:32,824 [main] DEBUG [org.hibernate.SQL] - select item0_.space_id as col_0_0_, max(item0_.sequence_num) as col_1_0_ from items item0_ group by item0_.space_id
2016-11-24 14:39:33,003 [main] INFO [info.jtrac.JtracImpl] - available locales configured {en=en - English, ar=ar - Arabic, cs=cs - Czech, de=de - German, el=el - Greek, es=es - Spanish, es_AR=es_AR - Spanish (Argentina), es_MX=es_MX - Spanish (Mexico), fr=fr - French, hu=hu - Hungarian, it=it - Italian, ja=ja - Japanese, ko=ko - Korean, nl=nl - Dutch, no=no - Norwegian, pl=pl - Polish, pt_BR=pt_BR - Portuguese (Brazil), ru=ru - Russian, sl=sl - Slovenian, sv=sv - Swedish, tr=tr - Turkish, zh_CN=zh_CN - Chinese (China), zh_TW=zh_TW - Chinese (Taiwan)}
2016-11-24 14:39:33,004 [main] DEBUG [org.hibernate.SQL] - select this_.param as param12_0_, this_.value as value12_0_ from config this_
2016-11-24 14:39:33,005 [main] WARN [info.jtrac.JtracImpl] - invalid default locale configured = 'null', using en
2016-11-24 14:39:33,005 [main] INFO [info.jtrac.JtracImpl] - default locale set to 'en'
2016-11-24 14:39:33,007 [main] WARN [info.jtrac.mail.MailSender] - 'mail.server.host' config is null, mail sender not initialized
2016-11-24 14:39:33,007 [main] INFO [info.jtrac.mail.MailSender] - email hyperlink base url set to 'http://localhost/jtrac/'
2016-11-24 14:39:33,008 [main] WARN [info.jtrac.JtracImpl] - invalid attachment max size 'null', using 5
2016-11-24 14:39:33,008 [main] INFO [info.jtrac.JtracImpl] - attachment max size set to 5 MB
2016-11-24 14:39:33,008 [main] WARN [info.jtrac.JtracImpl] - invalid session timeout 'null', using 30
2016-11-24 14:39:33,008 [main] INFO [info.jtrac.JtracImpl] - session timeout set to 30 minutes
2016-11-24 14:39:33,457 [main] DEBUG [org.hibernate.SQL] - select user0_.id as id6_, user0_.type as type6_, user0_.parent as parent6_, user0_.login_name as login4_6_, user0_.name as name6_, user0_.password as password6_, user0_.email as email6_, user0_.locale as locale6_, user0_.locked as locked6_, user0_.metadata_id as metadata10_6_ from users user0_ where user0_.login_name=?
2016-11-24 14:39:33,661 [main] DEBUG [org.hibernate.SQL] - insert into metadata (id, version, type, name, description, parent_id, xml_string) values (null, ?, ?, ?, ?, ?, ?)
2016-11-24 14:39:33,662 [main] DEBUG [org.hibernate.SQL] - call identity()
2016-11-24 14:39:33,673 [main] DEBUG [org.hibernate.SQL] - insert into metadata (id, version, type, name, description, parent_id, xml_string) values (null, ?, ?, ?, ?, ?, ?)
2016-11-24 14:39:33,673 [main] DEBUG [org.hibernate.SQL] - call identity()
2016-11-24 14:39:33,675 [main] DEBUG [org.hibernate.SQL] - insert into spaces (id, version, type, prefix_code, name, description, guest_allowed, metadata_id) values (null, ?, ?, ?, ?, ?, ?, ?)
2016-11-24 14:39:33,676 [main] DEBUG [org.hibernate.SQL] - call identity()
2016-11-24 14:39:33,729 [main] DEBUG [org.hibernate.SQL] - insert into space_sequence (next_seq_num, id) values (?, ?)
2016-11-24 14:39:33,743 [main] DEBUG [org.hibernate.SQL] - insert into users (id, type, parent, login_name, name, password, email, locale, locked, metadata_id) values (null, ?, ?, ?, ?, ?, ?, ?, ?, ?)
2016-11-24 14:39:33,743 [main] DEBUG [org.hibernate.SQL] - call identity()
2016-11-24 14:39:33,744 [main] DEBUG [org.hibernate.SQL] - insert into user_space_roles (id, user_id, space_id, role_key) values (null, ?, ?, ?)
2016-11-24 14:39:33,744 [main] DEBUG [org.hibernate.SQL] - call identity()
2016-11-24 14:39:33,797 [main] DEBUG [org.hibernate.SQL] - delete from user_space_roles where id=?
2016-11-24 14:39:33,801 [main] INFO [info.jtrac.JtracTest] - Deleted 0 rows from table history
2016-11-24 14:39:33,801 [main] INFO [info.jtrac.JtracTest] - Deleted 0 rows from table items
2016-11-24 14:39:33,801 [main] INFO [info.jtrac.JtracTest] - Deleted 1 rows from table spaces
2016-11-24 14:39:33,801 [main] INFO [info.jtrac.JtracTest] - Deleted 1 rows from table metadata
2016-11-24 14:39:33,801 [main] INFO [info.jtrac.JtracTest] - Deleted 1 rows from table space_sequence
2016-11-24 14:39:33,805 [main] INFO [info.jtrac.JtracTest] - Deleted 0 rows from table history
2016-11-24 14:39:33,805 [main] INFO [info.jtrac.JtracTest] - Deleted 0 rows from table items
2016-11-24 14:39:33,805 [main] INFO [info.jtrac.JtracTest] - Deleted 0 rows from table spaces
2016-11-24 14:39:33,805 [main] INFO [info.jtrac.JtracTest] - Deleted 0 rows from table metadata
2016-11-24 14:39:33,805 [main] INFO [info.jtrac.JtracTest] - Deleted 0 rows from table space_sequence
2016-11-24 14:39:33,812 [main] DEBUG [org.hibernate.SQL] - insert into metadata (id, version, type, name, description, parent_id, xml_string) values (null, ?, ?, ?, ?, ?, ?)
2016-11-24 14:39:33,812 [main] DEBUG [org.hibernate.SQL] - call identity()
2016-11-24 14:39:33,816 [main] DEBUG [org.hibernate.SQL] - insert into spaces (id, version, type, prefix_code, name, description, guest_allowed, metadata_id) values (null, ?, ?, ?, ?, ?, ?, ?)
2016-11-24 14:39:33,816 [main] DEBUG [org.hibernate.SQL] - call identity()
2016-11-24 14:39:33,821 [main] DEBUG [org.hibernate.SQL] - insert into space_sequence (next_seq_num, id) values (?, ?)
2016-11-24 14:39:33,821 [main] DEBUG [org.hibernate.SQL] - insert into metadata (id, version, type, name, description, parent_id, xml_string) values (null, ?, ?, ?, ?, ?, ?)
2016-11-24 14:39:33,822 [main] DEBUG [org.hibernate.SQL] - call identity()
2016-11-24 14:39:33,825 [main] DEBUG [org.hibernate.SQL] - insert into spaces (id, version, type, prefix_code, name, description, guest_allowed, metadata_id) values (null, ?, ?, ?, ?, ?, ?, ?)
2016-11-24 14:39:33,825 [main] DEBUG [org.hibernate.SQL] - call identity()
2016-11-24 14:39:33,826 [main] DEBUG [org.hibernate.SQL] - insert into space_sequence (next_seq_num, id) values (?, ?)
2016-11-24 14:39:33,827 [main] DEBUG [org.hibernate.SQL] - insert into users (id, type, parent, login_name, name, password, email, locale, locked, metadata_id) values (null, ?, ?, ?, ?, ?, ?, ?, ?, ?)
2016-11-24 14:39:33,829 [main] WARN [org.hibernate.util.JDBCExceptionReporter] - SQL Error: -104, SQLState: 23000
2016-11-24 14:39:33,829 [main] ERROR [org.hibernate.util.JDBCExceptionReporter] - Unique constraint violation: SYS_CT_66 in statement [insert into users (id, type, parent, login_name, name, password, email, locale, locked, metadata_id) values (null, ?, ?, ?, ?, ?, ?, ?, ?, ?)]
2016-11-24 14:39:33,839 [main] DEBUG [org.hibernate.SQL] - insert into users (id, type, parent, login_name, name, password, email, locale, locked, metadata_id) values (null, ?, ?, ?, ?, ?, ?, ?, ?, ?)
2016-11-24 14:39:33,839 [main] WARN [org.hibernate.util.JDBCExceptionReporter] - SQL Error: -104, SQLState: 23000
2016-11-24 14:39:33,839 [main] ERROR [org.hibernate.util.JDBCExceptionReporter] - Unique constraint violation: SYS_CT_66 in statement [insert into users (id, type, parent, login_name, name, password, email, locale, locked, metadata_id) values (null, ?, ?, ?, ?, ?, ?, ?, ?, ?)]
2016-11-24 14:39:33,972 [main] DEBUG [org.hibernate.SQL] - select config0_.param as param12_0_, config0_.value as value12_0_ from config config0_ where config0_.param=?
2016-11-24 14:39:33,974 [main] DEBUG [org.hibernate.SQL] - select this_.param as param12_0_, this_.value as value12_0_ from config this_
2016-11-24 14:39:33,974 [main] WARN [info.jtrac.mail.MailSender] - 'mail.server.host' config is null, mail sender not initialized
2016-11-24 14:39:33,974 [main] INFO [info.jtrac.mail.MailSender] - email hyperlink base url set to 'http://localhost/jtrac/'
2016-11-24 14:39:33,979 [main] DEBUG [org.hibernate.SQL] - insert into config (value, param) values (?, ?)
2016-11-24 14:39:33,979 [main] DEBUG [org.hibernate.SQL] - insert into metadata (id, version, type, name, description, parent_id, xml_string) values (null, ?, ?, ?, ?, ?, ?)
2016-11-24 14:39:33,980 [main] DEBUG [org.hibernate.SQL] - call identity()
2016-11-24 14:39:33,984 [main] DEBUG [org.hibernate.SQL] - insert into spaces (id, version, type, prefix_code, name, description, guest_allowed, metadata_id) values (null, ?, ?, ?, ?, ?, ?, ?)
2016-11-24 14:39:33,985 [main] DEBUG [org.hibernate.SQL] - call identity()
2016-11-24 14:39:33,986 [main] DEBUG [org.hibernate.SQL] - insert into space_sequence (next_seq_num, id) values (?, ?)
2016-11-24 14:39:33,986 [main] DEBUG [org.hibernate.SQL] - insert into users (id, type, parent, login_name, name, password, email, locale, locked, metadata_id) values (null, ?, ?, ?, ?, ?, ?, ?, ?, ?)
2016-11-24 14:39:33,988 [main] WARN [org.hibernate.util.JDBCExceptionReporter] - SQL Error: -104, SQLState: 23000
2016-11-24 14:39:33,988 [main] ERROR [org.hibernate.util.JDBCExceptionReporter] - Unique constraint violation: SYS_CT_66 in statement [insert into users (id, type, parent, login_name, name, password, email, locale, locked, metadata_id) values (null, ?, ?, ?, ?, ?, ?, ?, ?, ?)]
2016-11-24 14:39:34,004 [main] DEBUG [org.hibernate.SQL] - insert into metadata (id, version, type, name, description, parent_id, xml_string) values (null, ?, ?, ?, ?, ?, ?)
2016-11-24 14:39:34,005 [main] DEBUG [org.hibernate.SQL] - call identity()
2016-11-24 14:39:34,008 [main] DEBUG [org.hibernate.SQL] - insert into spaces (id, version, type, prefix_code, name, description, guest_allowed, metadata_id) values (null, ?, ?, ?, ?, ?, ?, ?)
2016-11-24 14:39:34,009 [main] DEBUG [org.hibernate.SQL] - call identity()
2016-11-24 14:39:34,011 [main] DEBUG [org.hibernate.SQL] - insert into space_sequence (next_seq_num, id) values (?, ?)
2016-11-24 14:39:34,012 [main] DEBUG [org.hibernate.SQL] - insert into users (id, type, parent, login_name, name, password, email, locale, locked, metadata_id) values (null, ?, ?, ?, ?, ?, ?, ?, ?, ?)
2016-11-24 14:39:34,012 [main] WARN [org.hibernate.util.JDBCExceptionReporter] - SQL Error: -104, SQLState: 23000
2016-11-24 14:39:34,012 [main] ERROR [org.hibernate.util.JDBCExceptionReporter] - Unique constraint violation: SYS_CT_66 in statement [insert into users (id, type, parent, login_name, name, password, email, locale, locked, metadata_id) values (null, ?, ?, ?, ?, ?, ?, ?, ?, ?)]
2016-11-24 14:39:34,021 [main] DEBUG [org.hibernate.SQL] - insert into metadata (id, version, type, name, description, parent_id, xml_string) values (null, ?, ?, ?, ?, ?, ?)
2016-11-24 14:39:34,021 [main] DEBUG [org.hibernate.SQL] - call identity()
2016-11-24 14:39:34,023 [main] DEBUG [org.hibernate.SQL] - insert into spaces (id, version, type, prefix_code, name, description, guest_allowed, metadata_id) values (null, ?, ?, ?, ?, ?, ?, ?)
2016-11-24 14:39:34,023 [main] DEBUG [org.hibernate.SQL] - call identity()
2016-11-24 14:39:34,024 [main] DEBUG [org.hibernate.SQL] - insert into space_sequence (next_seq_num, id) values (?, ?)
2016-11-24 14:39:34,024 [main] DEBUG [org.hibernate.SQL] - insert into users (id, type, parent, login_name, name, password, email, locale, locked, metadata_id) values (null, ?, ?, ?, ?, ?, ?, ?, ?, ?)
2016-11-24 14:39:34,025 [main] WARN [org.hibernate.util.JDBCExceptionReporter] - SQL Error: -104, SQLState: 23000
2016-11-24 14:39:34,025 [main] ERROR [org.hibernate.util.JDBCExceptionReporter] - Unique constraint violation: SYS_CT_66 in statement [insert into users (id, type, parent, login_name, name, password, email, locale, locked, metadata_id) values (null, ?, ?, ?, ?, ?, ?, ?, ?, ?)]
2016-11-24 14:39:34,038 [main] DEBUG [org.hibernate.SQL] - select user1_.id as id6_, user1_.type as type6_, user1_.parent as parent6_, user1_.login_name as login4_6_, user1_.name as name6_, user1_.password as password6_, user1_.email as email6_, user1_.locale as locale6_, user1_.locked as locked6_, user1_.metadata_id as metadata10_6_ from user_space_roles userspacer0_ inner join users user1_ on userspacer0_.user_id=user1_.id where (userspacer0_.space_id is null) and userspacer0_.role_key=?
2016-11-24 14:39:34,044 [main] DEBUG [org.hibernate.SQL] - insert into metadata (id, version, type, name, description, parent_id, xml_string) values (null, ?, ?, ?, ?, ?, ?)
2016-11-24 14:39:34,044 [main] DEBUG [org.hibernate.SQL] - call identity()
2016-11-24 14:39:34,047 [main] DEBUG [org.hibernate.SQL] - insert into spaces (id, version, type, prefix_code, name, description, guest_allowed, metadata_id) values (null, ?, ?, ?, ?, ?, ?, ?)
2016-11-24 14:39:34,047 [main] DEBUG [org.hibernate.SQL] - call identity()
2016-11-24 14:39:34,047 [main] DEBUG [org.hibernate.SQL] - insert into space_sequence (next_seq_num, id) values (?, ?)
2016-11-24 14:39:34,048 [main] DEBUG [org.hibernate.SQL] - insert into users (id, type, parent, login_name, name, password, email, locale, locked, metadata_id) values (null, ?, ?, ?, ?, ?, ?, ?, ?, ?)
2016-11-24 14:39:34,048 [main] WARN [org.hibernate.util.JDBCExceptionReporter] - SQL Error: -104, SQLState: 23000
2016-11-24 14:39:34,048 [main] ERROR [org.hibernate.util.JDBCExceptionReporter] - Unique constraint violation: SYS_CT_66 in statement [insert into users (id, type, parent, login_name, name, password, email, locale, locked, metadata_id) values (null, ?, ?, ?, ?, ?, ?, ?, ?, ?)]
2016-11-24 14:39:34,054 [main] DEBUG [org.hibernate.SQL] - insert into metadata (id, version, type, name, description, parent_id, xml_string) values (null, ?, ?, ?, ?, ?, ?)
2016-11-24 14:39:34,055 [main] DEBUG [org.hibernate.SQL] - call identity()
2016-11-24 14:39:34,056 [main] DEBUG [org.hibernate.SQL] - insert into spaces (id, version, type, prefix_code, name, description, guest_allowed, metadata_id) values (null, ?, ?, ?, ?, ?, ?, ?)
2016-11-24 14:39:34,057 [main] DEBUG [org.hibernate.SQL] - call identity()
2016-11-24 14:39:34,061 [main] DEBUG [org.hibernate.SQL] - select space0_.id as id8_0_, metadata1_.id as id10_1_, space0_.version as version8_0_, space0_.type as type8_0_, space0_.prefix_code as prefix4_8_0_, space0_.name as name8_0_, space0_.description as descript6_8_0_, space0_.guest_allowed as guest7_8_0_, space0_.metadata_id as metadata8_8_0_, metadata1_.version as version10_1_, metadata1_.type as type10_1_, metadata1_.name as name10_1_, metadata1_.description as descript5_10_1_, metadata1_.parent_id as parent6_10_1_, metadata1_.xml_string as xml7_10_1_ from spaces space0_ inner join metadata metadata1_ on space0_.metadata_id=metadata1_.id where space0_.guest_allowed=1
2016-11-24 14:39:34,067 [main] DEBUG [org.hibernate.SQL] - insert into users (id, type, parent, login_name, name, password, email, locale, locked, metadata_id) values (null, ?, ?, ?, ?, ?, ?, ?, ?, ?)
2016-11-24 14:39:34,067 [main] DEBUG [org.hibernate.SQL] - call identity()
2016-11-24 14:39:34,068 [main] DEBUG [org.hibernate.SQL] - insert into user_space_roles (id, user_id, space_id, role_key) values (null, ?, ?, ?)
2016-11-24 14:39:34,068 [main] DEBUG [org.hibernate.SQL] - call identity()
2016-11-24 14:39:34,072 [main] DEBUG [org.hibernate.SQL] - select userspacer0_.id as id7_0_, space1_.id as id8_1_, metadata2_.id as id10_2_, userspacer0_.user_id as user2_7_0_, userspacer0_.space_id as space3_7_0_, userspacer0_.role_key as role4_7_0_, space1_.version as version8_1_, space1_.type as type8_1_, space1_.prefix_code as prefix4_8_1_, space1_.name as name8_1_, space1_.description as descript6_8_1_, space1_.guest_allowed as guest7_8_1_, space1_.metadata_id as metadata8_8_1_, metadata2_.version as version10_2_, metadata2_.type as type10_2_, metadata2_.name as name10_2_, metadata2_.description as descript5_10_2_, metadata2_.parent_id as parent6_10_2_, metadata2_.xml_string as xml7_10_2_ from user_space_roles userspacer0_ left outer join spaces space1_ on userspacer0_.space_id=space1_.id left outer join metadata metadata2_ on space1_.metadata_id=metadata2_.id where userspacer0_.user_id=? order by space1_.name
2016-11-24 14:39:34,079 [main] DEBUG [org.hibernate.SQL] - insert into metadata (id, version, type, name, description, parent_id, xml_string) values (null, ?, ?, ?, ?, ?, ?)
2016-11-24 14:39:34,080 [main] DEBUG [org.hibernate.SQL] - call identity()
2016-11-24 14:39:34,081 [main] DEBUG [org.hibernate.SQL] - insert into spaces (id, version, type, prefix_code, name, description, guest_allowed, metadata_id) values (null, ?, ?, ?, ?, ?, ?, ?)
2016-11-24 14:39:34,082 [main] DEBUG [org.hibernate.SQL] - call identity()
2016-11-24 14:39:34,082 [main] DEBUG [org.hibernate.SQL] - insert into space_sequence (next_seq_num, id) values (?, ?)
2016-11-24 14:39:34,082 [main] DEBUG [org.hibernate.SQL] - insert into users (id, type, parent, login_name, name, password, email, locale, locked, metadata_id) values (null, ?, ?, ?, ?, ?, ?, ?, ?, ?)
2016-11-24 14:39:34,083 [main] WARN [org.hibernate.util.JDBCExceptionReporter] - SQL Error: -104, SQLState: 23000
2016-11-24 14:39:34,083 [main] ERROR [org.hibernate.util.JDBCExceptionReporter] - Unique constraint violation: SYS_CT_66 in statement [insert into users (id, type, parent, login_name, name, password, email, locale, locked, metadata_id) values (null, ?, ?, ?, ?, ?, ?, ?, ?, ?)]
2016-11-24 14:39:34,087 [main] DEBUG [org.hibernate.SQL] - insert into users (id, type, parent, login_name, name, password, email, locale, locked, metadata_id) values (null, ?, ?, ?, ?, ?, ?, ?, ?, ?)
2016-11-24 14:39:34,088 [main] WARN [org.hibernate.util.JDBCExceptionReporter] - SQL Error: -104, SQLState: 23000
2016-11-24 14:39:34,088 [main] ERROR [org.hibernate.util.JDBCExceptionReporter] - Unique constraint violation: SYS_CT_66 in statement [insert into users (id, type, parent, login_name, name, password, email, locale, locked, metadata_id) values (null, ?, ?, ?, ?, ?, ?, ?, ?, ?)]
2016-11-24 14:39:34,093 [main] DEBUG [org.hibernate.SQL] - insert into metadata (id, version, type, name, description, parent_id, xml_string) values (null, ?, ?, ?, ?, ?, ?)
2016-11-24 14:39:34,094 [main] DEBUG [org.hibernate.SQL] - call identity()
2016-11-24 14:39:34,095 [main] DEBUG [org.hibernate.SQL] - insert into spaces (id, version, type, prefix_code, name, description, guest_allowed, metadata_id) values (null, ?, ?, ?, ?, ?, ?, ?)
2016-11-24 14:39:34,095 [main] DEBUG [org.hibernate.SQL] - call identity()
2016-11-24 14:39:34,096 [main] DEBUG [org.hibernate.SQL] - insert into space_sequence (next_seq_num, id) values (?, ?)
2016-11-24 14:39:34,096 [main] DEBUG [org.hibernate.SQL] - insert into users (id, type, parent, login_name, name, password, email, locale, locked, metadata_id) values (null, ?, ?, ?, ?, ?, ?, ?, ?, ?)
2016-11-24 14:39:34,096 [main] WARN [org.hibernate.util.JDBCExceptionReporter] - SQL Error: -104, SQLState: 23000
2016-11-24 14:39:34,096 [main] ERROR [org.hibernate.util.JDBCExceptionReporter] - Unique constraint violation: SYS_CT_66 in statement [insert into users (id, type, parent, login_name, name, password, email, locale, locked, metadata_id) values (null, ?, ?, ?, ?, ?, ?, ?, ?, ?)]
2016-11-24 14:39:34,100 [main] DEBUG [org.hibernate.SQL] - select config0_.param as param12_0_, config0_.value as value12_0_ from config config0_ where config0_.param=?
]]></system-out>

      <system-err><![CDATA[]]></system-err>

  </testsuite>
  <testsuite errors="0" failures="0" hostname="WJANBEPB714BL" id="1" name="CountsTest" package="info.jtrac.domain" skipped="0" tests="1" time="0.122" timestamp="2016-11-24T13:39:35">
      <properties>
[...]
</properties>

      <testcase classname="info.jtrac.domain.CountsTest" name="testCountsLogic" time="0.049" />

      <system-out><![CDATA[EMMA: collecting runtime coverage data ...
]]></system-out>

      <system-err><![CDATA[]]></system-err>

  </testsuite>
  <testsuite errors="0" failures="0" hostname="WJANBEPB714BL" id="2" name="ExcelFileTest" package="info.jtrac.domain" skipped="0" tests="1" time="0.071" timestamp="2016-11-24T13:39:35">
      <properties>
[...]
</properties>

      <testcase classname="info.jtrac.domain.ExcelFileTest" name="testLoadFile" time="0.001" />

      <system-out><![CDATA[]]></system-out>

      <system-err><![CDATA[]]></system-err>

  </testsuite>
  <testsuite errors="0" failures="0" hostname="WJANBEPB714BL" id="3" name="FieldTest" package="info.jtrac.domain" skipped="0" tests="5" time="0.183" timestamp="2016-11-24T13:39:36">
      <properties>
[...]
</properties>

      <testcase classname="info.jtrac.domain.FieldTest" name="testSetValidName" time="0.051" />

      <testcase classname="info.jtrac.domain.FieldTest" name="testGetAsXml" time="0.027" />

      <testcase classname="info.jtrac.domain.FieldTest" name="testConstructFromXmlWithOptionalAttribute" time="0.025" />

      <testcase classname="info.jtrac.domain.FieldTest" name="testConstructFromXml" time="0.001" />

      <testcase classname="info.jtrac.domain.FieldTest" name="testSetInValidNameFails" time="0.0" />

      <system-out><![CDATA[EMMA: collecting runtime coverage data ...
]]></system-out>

      <system-err><![CDATA[]]></system-err>

  </testsuite>
  <testsuite errors="0" failures="0" hostname="WJANBEPB714BL" id="4" name="ItemTest" package="info.jtrac.domain" skipped="0" tests="1" time="0.126" timestamp="2016-11-24T13:39:36">
      <properties>
[...]
</properties>

      <testcase classname="info.jtrac.domain.ItemTest" name="testSetAndGetForCustomInteger" time="0.053" />

      <system-out><![CDATA[EMMA: collecting runtime coverage data ...
]]></system-out>

      <system-err><![CDATA[]]></system-err>

  </testsuite>
  <testsuite errors="0" failures="0" hostname="WJANBEPB714BL" id="5" name="MetadataTest" package="info.jtrac.domain" skipped="0" tests="5" time="0.267" timestamp="2016-11-24T13:39:37">
      <properties>
[...]
</properties>

      <testcase classname="info.jtrac.domain.MetadataTest" name="testGetEditableFields" time="0.055" />

      <testcase classname="info.jtrac.domain.MetadataTest" name="testGetFieldByName" time="0.122" />

      <testcase classname="info.jtrac.domain.MetadataTest" name="testMetadataInheritance" time="0.004" />

      <testcase classname="info.jtrac.domain.MetadataTest" name="testGetFieldsFromXml" time="0.002" />

      <testcase classname="info.jtrac.domain.MetadataTest" name="testInitRolesThenAddRolesAndStates" time="0.0" />

      <system-out><![CDATA[EMMA: collecting runtime coverage data ...
]]></system-out>

      <system-err><![CDATA[]]></system-err>

  </testsuite>
  <testsuite errors="0" failures="0" hostname="WJANBEPB714BL" id="6" name="RoleTest" package="info.jtrac.domain" skipped="0" tests="2" time="0.179" timestamp="2016-11-24T13:39:38">
      <properties>
[...]
</properties>

      <testcase classname="info.jtrac.domain.RoleTest" name="testConstructFromXml" time="0.107" />

      <testcase classname="info.jtrac.domain.RoleTest" name="testForReservedRoleNames" time="0.003" />

      <system-out><![CDATA[EMMA: collecting runtime coverage data ...
]]></system-out>

      <system-err><![CDATA[]]></system-err>

  </testsuite>
  <testsuite errors="0" failures="0" hostname="WJANBEPB714BL" id="7" name="UserTest" package="info.jtrac.domain" skipped="0" tests="2" time="0.134" timestamp="2016-11-24T13:39:39">
      <properties>
[...]
</properties>

      <testcase classname="info.jtrac.domain.UserTest" name="testCheckIfAdminForAllSpaces" time="0.053" />

      <testcase classname="info.jtrac.domain.UserTest" name="testGetAuthoritiesFromUserSpaceRoles" time="0.009" />

      <system-out><![CDATA[EMMA: collecting runtime coverage data ...
]]></system-out>

      <system-err><![CDATA[]]></system-err>

  </testsuite>
  <testsuite errors="0" failures="0" hostname="WJANBEPB714BL" id="8" name="IndexSearcherTest" package="info.jtrac.lucene" skipped="0" tests="2" time="0.666" timestamp="2016-11-24T13:39:39">
      <properties>
[...]
</properties>

      <testcase classname="info.jtrac.lucene.IndexSearcherTest" name="testFindItemIdsBySearchingWithinSummaryAndDetailFields" time="0.518" />

      <testcase classname="info.jtrac.lucene.IndexSearcherTest" name="testIfUmlautsCanBeIndexedAndSearchedFor" time="0.075" />

      <system-out><![CDATA[EMMA: collecting runtime coverage data ...
]]></system-out>

      <system-err><![CDATA[]]></system-err>

  </testsuite>
  <testsuite errors="0" failures="0" hostname="WJANBEPB714BL" id="9" name="SvnTest" package="info.jtrac.svn" skipped="0" tests="1" time="0.067" timestamp="2016-11-24T13:39:40">
      <properties>
[...]
</properties>

      <testcase classname="info.jtrac.svn.SvnTest" name="testNothing" time="0.0" />

      <system-out><![CDATA[]]></system-out>

      <system-err><![CDATA[]]></system-err>

  </testsuite>
  <testsuite errors="0" failures="0" hostname="WJANBEPB714BL" id="10" name="ItemUtilsTest" package="info.jtrac.util" skipped="0" tests="1" time="0.258" timestamp="2016-11-24T13:39:41">
      <properties>
[...]
</properties>

      <testcase classname="info.jtrac.util.ItemUtilsTest" name="testHtmlEscaping" time="0.184" />

      <system-out><![CDATA[EMMA: collecting runtime coverage data ...
]]></system-out>

      <system-err><![CDATA[]]></system-err>

  </testsuite>
  <testsuite errors="0" failures="0" hostname="WJANBEPB714BL" id="11" name="JtracConfigurerTest" package="info.jtrac.util" skipped="0" tests="1" time="0.071" timestamp="2016-11-24T13:39:42">
      <properties>
[...]
</properties>

      <testcase classname="info.jtrac.util.JtracConfigurerTest" name="testUserDir" time="0.001" />

      <system-out><![CDATA[]]></system-out>

      <system-err><![CDATA[]]></system-err>

  </testsuite>
  <testsuite errors="0" failures="0" hostname="WJANBEPB714BL" id="12" name="ValidationUtilsTest" package="info.jtrac.util" skipped="0" tests="4" time="0.137" timestamp="2016-11-24T13:39:42">
      <properties>
[...]
</properties>

      <testcase classname="info.jtrac.util.ValidationUtilsTest" name="testValidateStateName" time="0.055" />

      <testcase classname="info.jtrac.util.ValidationUtilsTest" name="testValidateSpaceKey" time="0.003" />

      <testcase classname="info.jtrac.util.ValidationUtilsTest" name="testValidateLoginName" time="0.001" />

      <testcase classname="info.jtrac.util.ValidationUtilsTest" name="testValidateRoleKey" time="0.0" />

      <system-out><![CDATA[EMMA: collecting runtime coverage data ...
]]></system-out>

      <system-err><![CDATA[]]></system-err>

  </testsuite>
  <testsuite errors="0" failures="0" hostname="WJANBEPB714BL" id="13" name="XmlUtilsTest" package="info.jtrac.util" skipped="0" tests="3" time="0.255" timestamp="2016-11-24T13:39:43">
      <properties>
[...]
</properties>

      <testcase classname="info.jtrac.util.XmlUtilsTest" name="testBadXmlParseFails" time="0.128" />

      <testcase classname="info.jtrac.util.XmlUtilsTest" name="testGetAsPrettyXml" time="0.04" />

      <testcase classname="info.jtrac.util.XmlUtilsTest" name="testXmlStringParse" time="0.002" />

      <system-out><![CDATA[EMMA: collecting runtime coverage data ...
]]></system-out>

      <system-err><![CDATA[]]></system-err>

  </testsuite>
  <testsuite errors="0" failures="1" hostname="WJANBEPB714BL" id="14" name="YuiUtilsTest" package="info.jtrac.wicket.yui" skipped="0" tests="1" time="0.217" timestamp="2016-11-24T13:39:44">
      <properties>
[...]
</properties>

      <testcase classname="info.jtrac.wicket.yui.YuiUtilsTest" name="testJsonConversion" time="0.101">
          <failure message="expected:&lt;...foo : true, bar : fals...&gt; but was:&lt;...bar : false, foo : tru...&gt;" type="junit.framework.ComparisonFailure">junit.framework.ComparisonFailure: expected:&lt;...foo : true, bar : fals...&gt; but was:&lt;...bar : false, foo : tru...&gt;
	at info.jtrac.wicket.yui.YuiUtilsTest.testJsonConversion(YuiUtilsTest.java:13)
</failure>

      </testcase>

      <system-out><![CDATA[EMMA: collecting runtime coverage data ...
]]></system-out>

      <system-err><![CDATA[]]></system-err>

  </testsuite>
</testsuites>
